<?xml version="1.0" encoding="UTF-8"?>
<testsuite xmlns:xsi="http://www.w3.org/2001/XMLSchema-instance" xsi:noNamespaceSchemaLocation="https://maven.apache.org/surefire/maven-surefire-plugin/xsd/surefire-test-report-3.0.xsd" version="3.0" name="TestSuite" time="6.347" tests="1" errors="0" skipped="0" failures="0">
  <properties>
[...]
</properties>
  <testcase name="testDepositar" classname="Depositar" time="2.691">
    <system-out><![CDATA[GET: http://localhost:40090/api/v1/sessions
starting new session
POST: http://localhost:40090/api/v1/sessions
BODY: {"soavirt":{"host":"localhost","port":"9080","secure":false}}
POST /api/v1/sessions - {"message":"Access forbidden, server component [SOAtest - Advanced Test Generation Users] is either not licensed or not enabled.","messageCode":null,"messageParameters":null} response
{"message":"Access forbidden, server component [SOAtest - Advanced Test Generation Users] is either not licensed or not enabled.","messageCode":null,"messageParameters":null}
could not start recording session
recording session has a problem, id or proxy port is empty - returning normal ChromeDriver
]]></system-out>
    <system-err><![CDATA[SLF4J(W): No SLF4J providers were found.
SLF4J(W): Defaulting to no-operation (NOP) logger implementation
SLF4J(W): See https://www.slf4j.org/codes.html#noProviders for further details.
Starting ChromeDriver 134.0.6944.0 (04ccc338d6741cbfe56ee280879bf6bec70e2f32-refs/branch-heads/6944@{#1}) on port 35573
Only local connections are allowed.
Please see https://chromedriver.chromium.org/security-considerations for suggestions on keeping ChromeDriver safe.
ChromeDriver was started successfully on port 35573.
Mar 25, 2025 5:10:02 PM org.openqa.selenium.devtools.CdpVersionFinder findNearestMatch
WARNING: Unable to find CDP implementation matching 134
Mar 25, 2025 5:10:02 PM org.openqa.selenium.chromium.ChromiumDriver lambda$new$3
WARNING: Unable to find version of CDP to use for . You may need to include a dependency on a specific version of the CDP using something similar to `org.seleniumhq.selenium:selenium-devtools-v86:4.7.2` where the version ("v86") matches the version of the chromium-based browser you're using and the version number of the artifact is the same as Selenium's.
]]></system-err>
  </testcase>
</testsuite>