<?xml version="1.0" encoding="UTF-8"?>
<testng-results ignored="0" total="1" passed="1" failed="0" skipped="0">
  <reporter-output>
  </reporter-output>
  <suite started-at="2025-03-25T17:10:00 CLST" name="Test-Ejemplos" finished-at="2025-03-25T17:10:06 CLST" duration-ms="5851">
    <groups>
    </groups>
    <test started-at="2025-03-25T17:10:00 CLST" name="Prueba" finished-at="2025-03-25T17:10:06 CLST" duration-ms="5851">
      <class name="Depositar">
        <test-method is-config="true" signature="beforeTest(java.lang.String)[pri:0, instance:Depositar@470734c3]" started-at="2025-03-25T17:10:00 CLST" name="beforeTest" finished-at="2025-03-25T17:10:03 CLST" duration-ms="2769" status="PASS">
          <params>
            <param index="0">
              <value>
                <![CDATA[http://base.laboratorytechnologylatam.com:9090/bank/login]]>
              </value>
            </param>
          </params>
          <reporter-output>
          </reporter-output>
        </test-method> <!-- beforeTest -->
        <test-method signature="testDepositar()[pri:0, instance:Depositar@470734c3]" started-at="2025-03-25T17:10:03 CLST" name="testDepositar" finished-at="2025-03-25T17:10:06 CLST" duration-ms="2807" status="PASS">
          <reporter-output>
          </reporter-output>
        </test-method> <!-- testDepositar -->
        <test-method is-config="true" signature="afterTest(org.testng.ITestContext,java.lang.String,java.lang.String,java.lang.String)[pri:0, instance:Depositar@470734c3]" started-at="2025-03-25T17:10:06 CLST" name="afterTest" finished-at="2025-03-25T17:10:06 CLST" duration-ms="237" status="PASS">
          <params>
            <param index="0">
              <value>
                <![CDATA[org.testng.TestRunner@32d418a9]]>
              </value>
            </param>
            <param index="1">
              <value>
                <![CDATA[Test-Ejemplos]]>
              </value>
            </param>
            <param index="2">
              <value>
                <![CDATA[172.31.8.168]]>
              </value>
            </param>
            <param index="3">
              <value>
                <![CDATA[false]]>
              </value>
            </param>
          </params>
          <reporter-output>
          </reporter-output>
        </test-method> <!-- afterTest -->
      </class> <!-- Depositar -->
    </test> <!-- Prueba -->
  </suite> <!-- Test-Ejemplos -->
</testng-results>
